apiDemos/build/outputs/logs/manifest-merger-debug-report.txt
-- Merging decision tree log ---
manifest
ADDED from src\main\AndroidManifest.xml:22:1-3185:12
INJECTED from src\main\AndroidManifest.xml:22:1-3185:12
MERGED from [com.android.support:support-v4:26.0.2] AndroidManifest.xml:17:1-31:12
MERGED from [com.android.support:support-media-compat:26.0.2] AndroidManifest.xml:17:1-31:12
MERGED from [com.android.support:support-fragment:26.0.2] AndroidManifest.xml:17:1-31:12
MERGED from [com.android.support:support-core-utils:26.0.2] AndroidManifest.xml:17:1-31:12
MERGED from [com.android.support:support-core-ui:26.0.2] AndroidManifest.xml:17:1-31:12
MERGED from [com.android.support:support-compat:26.0.2] AndroidManifest.xml:17:1-31:12
INJECTED from src\main\AndroidManifest.xml:22:1-3185:12
	package
		ADDED from src\main\AndroidManifest.xml:23:5-39
		INJECTED from src\main\AndroidManifest.xml
		INJECTED from src\main\AndroidManifest.xml
	xmlns:android
		ADDED from src\main\AndroidManifest.xml:22:11-69
uses-permission#android.permission.READ_CONTACTS
ADDED from src\main\AndroidManifest.xml:25:5-72
	android:name
		ADDED from src\main\AndroidManifest.xml:25:22-69
uses-permission#android.permission.WRITE_CONTACTS
ADDED from src\main\AndroidManifest.xml:26:5-73
	android:name
		ADDED from src\main\AndroidManifest.xml:26:22-70
uses-permission#android.permission.VIBRATE
ADDED from src\main\AndroidManifest.xml:27:5-66
	android:name
		ADDED from src\main\AndroidManifest.xml:27:22-63
uses-permission#android.permission.ACCESS_COARSE_LOCATION
ADDED from src\main\AndroidManifest.xml:28:5-81
	android:name
		ADDED from src\main\AndroidManifest.xml:28:22-78
uses-permission#android.permission.INTERNET
ADDED from src\main\AndroidManifest.xml:29:5-67
	android:name
		ADDED from src\main\AndroidManifest.xml:29:22-64
uses-permission#android.permission.SET_WALLPAPER
ADDED from src\main\AndroidManifest.xml:30:5-72
	android:name
		ADDED from src\main\AndroidManifest.xml:30:22-69
uses-permission#android.permission.WRITE_EXTERNAL_STORAGE
ADDED from src\main\AndroidManifest.xml:31:5-81
	android:name
		ADDED from src\main\AndroidManifest.xml:31:22-78
uses-permission#android.permission.SEND_SMS
ADDED from src\main\AndroidManifest.xml:32:5-67
	android:name
		ADDED from src\main\AndroidManifest.xml:32:22-64
uses-permission#android.permission.RECEIVE_SMS
ADDED from src\main\AndroidManifest.xml:33:5-70
	android:name
		ADDED from src\main\AndroidManifest.xml:33:22-67
uses-permission#android.permission.RECEIVE_MMS
ADDED from src\main\AndroidManifest.xml:34:5-69
	android:name
		ADDED from src\main\AndroidManifest.xml:34:22-67
uses-permission#android.permission.WRITE_SMS
ADDED from src\main\AndroidManifest.xml:35:5-67
	android:name
		ADDED from src\main\AndroidManifest.xml:35:22-65
uses-permission#android.permission.READ_SMS
ADDED from src\main\AndroidManifest.xml:36:5-66
	android:name
		ADDED from src\main\AndroidManifest.xml:36:22-64
uses-permission#android.permission.NFC
ADDED from src\main\AndroidManifest.xml:37:5-62
	android:name
		ADDED from src\main\AndroidManifest.xml:37:22-59
uses-permission#android.permission.TRANSMIT_IR
ADDED from src\main\AndroidManifest.xml:38:5-70
	android:name
		ADDED from src\main\AndroidManifest.xml:38:22-67
uses-permission#android.permission.READ_PHONE_STATE
ADDED from src\main\AndroidManifest.xml:39:5-74
	android:name
		ADDED from src\main\AndroidManifest.xml:39:22-72
uses-permission#android.permission.RECORD_AUDIO
ADDED from src\main\AndroidManifest.xml:43:5-71
	android:name
		ADDED from src\main\AndroidManifest.xml:43:22-68
uses-permission#android.permission.CAMERA
ADDED from src\main\AndroidManifest.xml:47:5-65
	android:name
		ADDED from src\main\AndroidManifest.xml:47:22-62
uses-feature#android.hardware.camera
ADDED from src\main\AndroidManifest.xml:48:5-60
	android:name
		ADDED from src\main\AndroidManifest.xml:48:19-57
uses-feature#android.hardware.camera.autofocus
ADDED from src\main\AndroidManifest.xml:49:5-95
	android:required
		ADDED from src\main\AndroidManifest.xml:49:68-92
	android:name
		ADDED from src\main\AndroidManifest.xml:49:19-67
application
ADDED from src\main\AndroidManifest.xml:51:5-3179:19
MERGED from [com.android.support:support-v4:26.0.2] AndroidManifest.xml:25:5-29:19
MERGED from [com.android.support:support-v4:26.0.2] AndroidManifest.xml:25:5-29:19
MERGED from [com.android.support:support-media-compat:26.0.2] AndroidManifest.xml:25:5-29:19
MERGED from [com.android.support:support-media-compat:26.0.2] AndroidManifest.xml:25:5-29:19
MERGED from [com.android.support:support-fragment:26.0.2] AndroidManifest.xml:25:5-29:19
MERGED from [com.android.support:support-fragment:26.0.2] AndroidManifest.xml:25:5-29:19
MERGED from [com.android.support:support-core-utils:26.0.2] AndroidManifest.xml:25:5-29:19
MERGED from [com.android.support:support-core-utils:26.0.2] AndroidManifest.xml:25:5-29:19
MERGED from [com.android.support:support-core-ui:26.0.2] AndroidManifest.xml:25:5-29:19
MERGED from [com.android.support:support-core-ui:26.0.2] AndroidManifest.xml:25:5-29:19
MERGED from [com.android.support:support-compat:26.0.2] AndroidManifest.xml:25:5-29:19
MERGED from [com.android.support:support-compat:26.0.2] AndroidManifest.xml:25:5-29:19
	android:supportsRtl
		ADDED from src\main\AndroidManifest.xml:55:13-39
	android:label
		ADDED from src\main\AndroidManifest.xml:52:13-57
	android:hardwareAccelerated
		ADDED from src\main\AndroidManifest.xml:54:13-47
	android:icon
		ADDED from src\main\AndroidManifest.xml:53:13-53
	android:name
		ADDED from src\main\AndroidManifest.xml:51:18-52
uses-library#com.example.will.never.exist
ADDED from src\main\AndroidManifest.xml:59:9-94
	android:required
		ADDED from src\main\AndroidManifest.xml:59:67-91
	android:name
		ADDED from src\main\AndroidManifest.xml:59:23-66
activity#com.example.android.apis.ApiDemos
ADDED from src\main\AndroidManifest.xml:61:9-67:20
	android:name
		ADDED from src\main\AndroidManifest.xml:61:19-42
intent-filter#android.intent.action.MAIN+android.intent.category.DEFAULT+android.intent.category.LAUNCHER
ADDED from src\main\AndroidManifest.xml:62:13-66:29
action#android.intent.action.MAIN
ADDED from src\main\AndroidManifest.xml:63:17-69
	android:name
		ADDED from src\main\AndroidManifest.xml:63:25-66
category#android.intent.category.DEFAULT
ADDED from src\main\AndroidManifest.xml:64:17-76
	android:name
		ADDED from src\main\AndroidManifest.xml:64:27-73
category#android.intent.category.LAUNCHER
ADDED from src\main\AndroidManifest.xml:65:17-77
	android:name
		ADDED from src\main\AndroidManifest.xml:65:27-74
activity#com.example.android.apis.app.HelloWorld
ADDED from src\main\AndroidManifest.xml:75:9-80:20
	android:label
		ADDED from src\main\AndroidManifest.xml:75:50-94
	android:name
		ADDED from src\main\AndroidManifest.xml:75:19-49
intent-filter#android.intent.action.MAIN+android.intent.category.SAMPLE_CODE
ADDED from src\main\AndroidManifest.xml:76:13-79:29
category#android.intent.category.SAMPLE_CODE
ADDED from src\main\AndroidManifest.xml:78:17-80
	android:name
		ADDED from src\main\AndroidManifest.xml:78:27-77
activity#com.example.android.apis.app.DialogActivity
ADDED from src\main\AndroidManifest.xml:82:9-89:20
	android:label
		ADDED from src\main\AndroidManifest.xml:83:17-56
	android:theme
		ADDED from src\main\AndroidManifest.xml:84:17-58
	android:name
		ADDED from src\main\AndroidManifest.xml:82:19-53
activity#com.example.android.apis.app.CustomDialogActivity
ADDED from src\main\AndroidManifest.xml:91:9-98:20
	android:label
		ADDED from src\main\AndroidManifest.xml:92:17-63
	android:theme
		ADDED from src\main\AndroidManifest.xml:93:17-58
	android:name
		ADDED from src\main\AndroidManifest.xml:91:19-59
activity#com.example.android.apis.app.OverscanActivity
ADDED from src\main\AndroidManifest.xml:100:9-108:20
	android:enabled
		ADDED from src\main\AndroidManifest.xml:103:17-60
	android:label
		ADDED from src\main\AndroidManifest.xml:101:17-58
	android:theme
		ADDED from src\main\AndroidManifest.xml:102:17-79
	android:name
		ADDED from src\main\AndroidManifest.xml:100:19-55
activity#com.example.android.apis.app.QuickContactsDemo
ADDED from src\main\AndroidManifest.xml:110:8-116:20
	android:label
		ADDED from src\main\AndroidManifest.xml:111:17-60
	android:name
		ADDED from src\main\AndroidManifest.xml:110:18-55
activity#com.example.android.apis.app.WallpaperActivity
ADDED from src\main\AndroidManifest.xml:118:9-125:20
	android:label
		ADDED from src\main\AndroidManifest.xml:119:17-59
	android:theme
		ADDED from src\main\AndroidManifest.xml:120:17-55
	android:name
		ADDED from src\main\AndroidManifest.xml:118:19-56
activity#com.example.android.apis.app.TranslucentActivity
ADDED from src\main\AndroidManifest.xml:127:9-134:20
	android:label
		ADDED from src\main\AndroidManifest.xml:128:17-61
	android:theme
		ADDED from src\main\AndroidManifest.xml:129:17-57
	android:name
		ADDED from src\main\AndroidManifest.xml:127:19-58
activity#com.example.android.apis.app.TranslucentBlurActivity
ADDED from src\main\AndroidManifest.xml:136:9-143:20
	android:label
		ADDED from src\main\AndroidManifest.xml:137:17-66
	android:theme
		ADDED from src\main\AndroidManifest.xml:138:17-57
	android:name
		ADDED from src\main\AndroidManifest.xml:136:19-62
activity#com.example.android.apis.app.Animation
ADDED from src\main\AndroidManifest.xml:145:9-150:20
	android:label
		ADDED from src\main\AndroidManifest.xml:145:49-91
	android:name
		ADDED from src\main\AndroidManifest.xml:145:19-48
activity#com.example.android.apis.app.SaveRestoreState
ADDED from src\main\AndroidManifest.xml:152:9-159:20
	android:label
		ADDED from src\main\AndroidManifest.xml:153:17-62
	android:windowSoftInputMode
		ADDED from src\main\AndroidManifest.xml:154:17-72
	android:name
		ADDED from src\main\AndroidManifest.xml:152:19-55
activity#com.example.android.apis.app.PersistentState
ADDED from src\main\AndroidManifest.xml:161:9-168:20
	android:label
		ADDED from src\main\AndroidManifest.xml:162:17-60
	android:windowSoftInputMode
		ADDED from src\main\AndroidManifest.xml:163:17-72
	android:name
		ADDED from src\main\AndroidManifest.xml:161:19-54
activity#com.example.android.apis.app.ActivityRecreate
ADDED from src\main\AndroidManifest.xml:170:9-177:20
	android:enabled
		ADDED from src\main\AndroidManifest.xml:172:17-57
	android:label
		ADDED from src\main\AndroidManifest.xml:171:17-58
	android:name
		ADDED from src\main\AndroidManifest.xml:170:19-55
activity#com.example.android.apis.app.FinishAffinity
ADDED from src\main\AndroidManifest.xml:179:9-187:20
	android:enabled
		ADDED from src\main\AndroidManifest.xml:182:17-57
	android:label
		ADDED from src\main\AndroidManifest.xml:180:17-65
	android:taskAffinity
		ADDED from src\main\AndroidManifest.xml:181:17-50
	android:name
		ADDED from src\main\AndroidManifest.xml:179:19-53
activity#com.example.android.apis.app.SoftInputModes
ADDED from src\main\AndroidManifest.xml:189:9-195:20
	android:label
		ADDED from src\main\AndroidManifest.xml:190:17-57
	android:name
		ADDED from src\main\AndroidManifest.xml:189:19-53
activity#com.example.android.apis.app.ReceiveResult
ADDED from src\main\AndroidManifest.xml:197:9-202:20
	android:label
		ADDED from src\main\AndroidManifest.xml:197:53-100
	android:name
		ADDED from src\main\AndroidManifest.xml:197:19-52
activity#com.example.android.apis.app.SendResult
ADDED from src\main\AndroidManifest.xml:204:9-206:20
	android:theme
		ADDED from src\main\AndroidManifest.xml:205:17-60
	android:name
		ADDED from src\main\AndroidManifest.xml:204:19-49
activity#com.example.android.apis.app.Forwarding
ADDED from src\main\AndroidManifest.xml:208:9-213:20
	android:label
		ADDED from src\main\AndroidManifest.xml:208:50-93
	android:name
		ADDED from src\main\AndroidManifest.xml:208:19-49
activity#com.example.android.apis.app.ForwardTarget
ADDED from src\main\AndroidManifest.xml:215:9-216:20
	android:name
		ADDED from src\main\AndroidManifest.xml:215:19-52
activity#com.example.android.apis.app.RedirectEnter
ADDED from src\main\AndroidManifest.xml:218:9-223:20
	android:label
		ADDED from src\main\AndroidManifest.xml:218:53-94
	android:name
		ADDED from src\main\AndroidManifest.xml:218:19-52
activity#com.example.android.apis.app.RedirectMain
ADDED from src\main\AndroidManifest.xml:225:9-226:20
	android:name
		ADDED from src\main\AndroidManifest.xml:225:19-51
activity#com.example.android.apis.app.RedirectGetter
ADDED from src\main\AndroidManifest.xml:228:9-229:20
	android:name
		ADDED from src\main\AndroidManifest.xml:228:19-53
activity#com.example.android.apis.app.CustomTitle
ADDED from src\main\AndroidManifest.xml:233:9-241:20
	android:label
		ADDED from src\main\AndroidManifest.xml:234:17-62
	android:windowSoftInputMode
		ADDED from src\main\AndroidManifest.xml:235:17-69
	android:theme
		ADDED from src\main\AndroidManifest.xml:236:17-53
	android:name
		ADDED from src\main\AndroidManifest.xml:233:19-50
activity#com.example.android.apis.app.ReorderOnLaunch
ADDED from src\main\AndroidManifest.xml:243:9-249:20
	android:label
		ADDED from src\main\AndroidManifest.xml:244:17-57
	android:name
		ADDED from src\main\AndroidManifest.xml:243:19-54
activity#com.example.android.apis.app.RotationAnimation
ADDED from src\main\AndroidManifest.xml:251:9-257:20
	android:label
		ADDED from src\main\AndroidManifest.xml:252:17-68
	android:name
		ADDED from src\main\AndroidManifest.xml:251:19-56
activity#com.example.android.apis.app.ReorderTwo
ADDED from src\main\AndroidManifest.xml:259:9-52
	android:name
		ADDED from src\main\AndroidManifest.xml:259:19-49
activity#com.example.android.apis.app.ReorderThree
ADDED from src\main\AndroidManifest.xml:260:9-54
	android:name
		ADDED from src\main\AndroidManifest.xml:260:19-51
activity#com.example.android.apis.app.ReorderFour
ADDED from src\main\AndroidManifest.xml:261:9-53
	android:name
		ADDED from src\main\AndroidManifest.xml:261:19-50
activity#com.example.android.apis.app.SetWallpaperActivity
ADDED from src\main\AndroidManifest.xml:263:9-269:20
	android:label
		ADDED from src\main\AndroidManifest.xml:264:19-64
	android:name
		ADDED from src\main\AndroidManifest.xml:263:19-59
activity#com.example.android.apis.app.ScreenOrientation
ADDED from src\main\AndroidManifest.xml:271:9-277:20
	android:label
		ADDED from src\main\AndroidManifest.xml:272:19-70
	android:name
		ADDED from src\main\AndroidManifest.xml:271:19-56
activity#com.example.android.apis.app.PresentationActivity
ADDED from src\main\AndroidManifest.xml:279:9-285:20
	android:label
		ADDED from src\main\AndroidManifest.xml:280:17-62
	android:name
		ADDED from src\main\AndroidManifest.xml:279:19-59
activity#com.example.android.apis.app.PresentationWithMediaRouterActivity
ADDED from src\main\AndroidManifest.xml:287:9-293:20
	android:label
		ADDED from src\main\AndroidManifest.xml:288:17-80
	android:name
		ADDED from src\main\AndroidManifest.xml:287:19-74
activity#com.example.android.apis.app.SecureWindowActivity
ADDED from src\main\AndroidManifest.xml:295:9-301:20
	android:label
		ADDED from src\main\AndroidManifest.xml:296:17-63
	android:name
		ADDED from src\main\AndroidManifest.xml:295:19-59
activity#com.example.android.apis.app.SecureDialogActivity
ADDED from src\main\AndroidManifest.xml:303:9-309:20
	android:label
		ADDED from src\main\AndroidManifest.xml:304:17-63
	android:name
		ADDED from src\main\AndroidManifest.xml:303:19-59
activity#com.example.android.apis.app.SecureSurfaceViewActivity
ADDED from src\main\AndroidManifest.xml:311:9-317:20
	android:label
		ADDED from src\main\AndroidManifest.xml:312:17-69
	android:name
		ADDED from src\main\AndroidManifest.xml:311:19-64
activity#com.example.android.apis.app.FragmentAlertDialog
ADDED from src\main\AndroidManifest.xml:321:9-328:20
	android:enabled
		ADDED from src\main\AndroidManifest.xml:323:17-57
	android:label
		ADDED from src\main\AndroidManifest.xml:322:17-62
	android:name
		ADDED from src\main\AndroidManifest.xml:321:19-58
activity#com.example.android.apis.app.FragmentArguments
ADDED from src\main\AndroidManifest.xml:330:9-337:20
	android:enabled
		ADDED from src\main\AndroidManifest.xml:332:17-57
	android:label
		ADDED from src\main\AndroidManifest.xml:331:17-59
	android:name
		ADDED from src\main\AndroidManifest.xml:330:19-56
activity#com.example.android.apis.app.FragmentCustomAnimations
ADDED from src\main\AndroidManifest.xml:339:9-346:20
	android:enabled
		ADDED from src\main\AndroidManifest.xml:341:17-60
	android:label
		ADDED from src\main\AndroidManifest.xml:340:17-67
	android:name
		ADDED from src\main\AndroidManifest.xml:339:19-63
activity#com.example.android.apis.app.FragmentHideShow
ADDED from src\main\AndroidManifest.xml:348:9-356:20
	android:enabled
		ADDED from src\main\AndroidManifest.xml:351:17-57
	android:label
		ADDED from src\main\AndroidManifest.xml:349:17-59
	android:windowSoftInputMode
		ADDED from src\main\AndroidManifest.xml:350:17-61
	android:name
		ADDED from src\main\AndroidManifest.xml:348:19-55
activity#com.example.android.apis.app.FragmentContextMenu
ADDED from src\main\AndroidManifest.xml:358:9-365:20
	android:enabled
		ADDED from src\main\AndroidManifest.xml:360:17-57
	android:label
		ADDED from src\main\AndroidManifest.xml:359:17-62
	android:name
		ADDED from src\main\AndroidManifest.xml:358:19-58
activity#com.example.android.apis.app.FragmentDialog
ADDED from src\main\AndroidManifest.xml:367:9-374:20
	android:enabled
		ADDED from src\main\AndroidManifest.xml:369:17-57
	android:label
		ADDED from src\main\AndroidManifest.xml:368:17-56
	android:name
		ADDED from src\main\AndroidManifest.xml:367:19-53
activity#com.example.android.apis.app.FragmentDialogOrActivity
ADDED from src\main\AndroidManifest.xml:376:9-383:20
	android:enabled
		ADDED from src\main\AndroidManifest.xml:378:17-57
	android:label
		ADDED from src\main\AndroidManifest.xml:377:17-68
	android:name
		ADDED from src\main\AndroidManifest.xml:376:19-63
activity#com.example.android.apis.app.FragmentLayout
ADDED from src\main\AndroidManifest.xml:385:9-392:20
	android:enabled
		ADDED from src\main\AndroidManifest.xml:387:17-57
	android:label
		ADDED from src\main\AndroidManifest.xml:386:17-56
	android:name
		ADDED from src\main\AndroidManifest.xml:385:19-53
activity#com.example.android.apis.app.FragmentLayout$DetailsActivity
ADDED from src\main\AndroidManifest.xml:394:9-395:60
	android:enabled
		ADDED from src\main\AndroidManifest.xml:395:17-57
	android:name
		ADDED from src\main\AndroidManifest.xml:394:19-69
activity#com.example.android.apis.app.FragmentListArray
ADDED from src\main\AndroidManifest.xml:397:9-404:20
	android:enabled
		ADDED from src\main\AndroidManifest.xml:399:17-57
	android:label
		ADDED from src\main\AndroidManifest.xml:398:17-60
	android:name
		ADDED from src\main\AndroidManifest.xml:397:19-56
activity#com.example.android.apis.app.FragmentMenu
ADDED from src\main\AndroidManifest.xml:406:9-413:20
	android:enabled
		ADDED from src\main\AndroidManifest.xml:408:17-57
	android:label
		ADDED from src\main\AndroidManifest.xml:407:17-54
	android:name
		ADDED from src\main\AndroidManifest.xml:406:19-51
activity#com.example.android.apis.app.FragmentNestingTabs
ADDED from src\main\AndroidManifest.xml:415:9-422:20
	android:enabled
		ADDED from src\main\AndroidManifest.xml:417:17-60
	android:label
		ADDED from src\main\AndroidManifest.xml:416:17-62
	android:name
		ADDED from src\main\AndroidManifest.xml:415:19-58
activity#com.example.android.apis.app.FragmentRetainInstance
ADDED from src\main\AndroidManifest.xml:424:9-431:20
	android:enabled
		ADDED from src\main\AndroidManifest.xml:426:17-57
	android:label
		ADDED from src\main\AndroidManifest.xml:425:17-65
	android:name
		ADDED from src\main\AndroidManifest.xml:424:19-61
activity#com.example.android.apis.app.FragmentReceiveResult
ADDED from src\main\AndroidManifest.xml:433:9-440:20
	android:enabled
		ADDED from src\main\AndroidManifest.xml:435:17-57
	android:label
		ADDED from src\main\AndroidManifest.xml:434:17-64
	android:name
		ADDED from src\main\AndroidManifest.xml:433:19-60
activity#com.example.android.apis.app.FragmentStack
ADDED from src\main\AndroidManifest.xml:442:9-449:20
	android:enabled
		ADDED from src\main\AndroidManifest.xml:444:17-57
	android:label
		ADDED from src\main\AndroidManifest.xml:443:17-55
	android:name
		ADDED from src\main\AndroidManifest.xml:442:19-52
activity#com.example.android.apis.app.FragmentTabs
ADDED from src\main\AndroidManifest.xml:451:9-458:20
	android:enabled
		ADDED from src\main\AndroidManifest.xml:453:17-57
	android:label
		ADDED from src\main\AndroidManifest.xml:452:17-54
	android:name
		ADDED from src\main\AndroidManifest.xml:451:19-51
activity#com.example.android.apis.app.LoaderCursor
ADDED from src\main\AndroidManifest.xml:462:9-469:20
	android:enabled
		ADDED from src\main\AndroidManifest.xml:464:17-57
	android:label
		ADDED from src\main\AndroidManifest.xml:463:17-54
	android:name
		ADDED from src\main\AndroidManifest.xml:462:19-51
activity#com.example.android.apis.app.LoaderCustom
ADDED from src\main\AndroidManifest.xml:471:9-478:20
	android:enabled
		ADDED from src\main\AndroidManifest.xml:473:17-57
	android:label
		ADDED from src\main\AndroidManifest.xml:472:17-54
	android:name
		ADDED from src\main\AndroidManifest.xml:471:19-51
activity#com.example.android.apis.app.LoaderThrottle
ADDED from src\main\AndroidManifest.xml:481:9-488:20
	android:enabled
		ADDED from src\main\AndroidManifest.xml:483:17-57
	android:label
		ADDED from src\main\AndroidManifest.xml:482:17-56
	android:name
		ADDED from src\main\AndroidManifest.xml:481:19-53
provider#com.example.android.apis.app.LoaderThrottle$SimpleProvider
ADDED from src\main\AndroidManifest.xml:489:9-491:62
	android:enabled
		ADDED from src\main\AndroidManifest.xml:491:19-59
	android:authorities
		ADDED from src\main\AndroidManifest.xml:490:19-84
	android:name
		ADDED from src\main\AndroidManifest.xml:489:19-68
activity#com.example.android.apis.app.LoaderRetained
ADDED from src\main\AndroidManifest.xml:494:9-501:20
	android:enabled
		ADDED from src\main\AndroidManifest.xml:496:17-57
	android:label
		ADDED from src\main\AndroidManifest.xml:495:17-56
	android:name
		ADDED from src\main\AndroidManifest.xml:494:19-53
activity#com.example.android.apis.app.Intents
ADDED from src\main\AndroidManifest.xml:505:9-510:20
	android:label
		ADDED from src\main\AndroidManifest.xml:505:47-87
	android:name
		ADDED from src\main\AndroidManifest.xml:505:19-46
activity#com.example.android.apis.app.IntentActivityFlags
ADDED from src\main\AndroidManifest.xml:512:9-518:20
	android:label
		ADDED from src\main\AndroidManifest.xml:513:17-71
	android:name
		ADDED from src\main\AndroidManifest.xml:512:19-58
service#com.example.android.apis.app.LocalService
ADDED from src\main\AndroidManifest.xml:522:9-81
	android:stopWithTask
		ADDED from src\main\AndroidManifest.xml:522:51-78
	android:name
		ADDED from src\main\AndroidManifest.xml:522:18-50
activity#com.example.android.apis.app.LocalServiceActivities$Controller
ADDED from src\main\AndroidManifest.xml:524:9-531:20
	android:label
		ADDED from src\main\AndroidManifest.xml:525:17-74
	android:launchMode
		ADDED from src\main\AndroidManifest.xml:526:17-47
	android:name
		ADDED from src\main\AndroidManifest.xml:524:19-72
activity#com.example.android.apis.app.LocalServiceActivities$Binding
ADDED from src\main\AndroidManifest.xml:533:9-539:20
	android:label
		ADDED from src\main\AndroidManifest.xml:534:17-71
	android:name
		ADDED from src\main\AndroidManifest.xml:533:19-69
service#com.example.android.apis.app.MessengerService
ADDED from src\main\AndroidManifest.xml:542:9-543:45
	android:process
		ADDED from src\main\AndroidManifest.xml:543:17-42
	android:name
		ADDED from src\main\AndroidManifest.xml:542:18-54
activity#com.example.android.apis.app.MessengerServiceActivities$Binding
ADDED from src\main\AndroidManifest.xml:546:9-552:20
	android:label
		ADDED from src\main\AndroidManifest.xml:547:17-75
	android:name
		ADDED from src\main\AndroidManifest.xml:546:19-73
service#com.example.android.apis.app.RemoteService
ADDED from src\main\AndroidManifest.xml:554:9-80
	android:process
		ADDED from src\main\AndroidManifest.xml:554:52-77
	android:name
		ADDED from src\main\AndroidManifest.xml:554:18-51
activity#com.example.android.apis.app.RemoteService$Controller
ADDED from src\main\AndroidManifest.xml:556:9-563:20
	android:label
		ADDED from src\main\AndroidManifest.xml:557:17-75
	android:launchMode
		ADDED from src\main\AndroidManifest.xml:558:17-47
	android:name
		ADDED from src\main\AndroidManifest.xml:556:19-63
activity#com.example.android.apis.app.RemoteService$Binding
ADDED from src\main\AndroidManifest.xml:565:9-571:20
	android:label
		ADDED from src\main\AndroidManifest.xml:566:17-72
	android:name
		ADDED from src\main\AndroidManifest.xml:565:19-60
activity#com.example.android.apis.app.RemoteService$BindingOptions
ADDED from src\main\AndroidManifest.xml:573:9-579:20
	android:label
		ADDED from src\main\AndroidManifest.xml:574:17-80
	android:name
		ADDED from src\main\AndroidManifest.xml:573:19-67
service#com.example.android.apis.app.ServiceStartArguments
ADDED from src\main\AndroidManifest.xml:581:9-62
	android:name
		ADDED from src\main\AndroidManifest.xml:581:18-59
activity#com.example.android.apis.app.ServiceStartArguments$Controller
ADDED from src\main\AndroidManifest.xml:583:9-590:20
	android:label
		ADDED from src\main\AndroidManifest.xml:584:17-84
	android:launchMode
		ADDED from src\main\AndroidManifest.xml:585:17-47
	android:name
		ADDED from src\main\AndroidManifest.xml:583:19-71
service#com.example.android.apis.app.ForegroundService
ADDED from src\main\AndroidManifest.xml:592:9-58
	android:name
		ADDED from src\main\AndroidManifest.xml:592:18-55
activity#com.example.android.apis.app.ForegroundService$Controller
ADDED from src\main\AndroidManifest.xml:594:9-601:20
	android:label
		ADDED from src\main\AndroidManifest.xml:595:17-79
	android:launchMode
		ADDED from src\main\AndroidManifest.xml:596:17-47
	android:name
		ADDED from src\main\AndroidManifest.xml:594:19-67
activity#com.example.android.apis.app.IsolatedService$Controller
ADDED from src\main\AndroidManifest.xml:603:9-611:20
	android:enabled
		ADDED from src\main\AndroidManifest.xml:606:17-57
	android:label
		ADDED from src\main\AndroidManifest.xml:604:17-77
	android:launchMode
		ADDED from src\main\AndroidManifest.xml:605:17-47
	android:name
		ADDED from src\main\AndroidManifest.xml:603:19-65
service#com.example.android.apis.app.IsolatedService
ADDED from src\main\AndroidManifest.xml:613:9-614:60
	android:enabled
		ADDED from src\main\AndroidManifest.xml:614:17-57
	android:isolatedProcess
		ADDED from src\main\AndroidManifest.xml:613:54-84
	android:name
		ADDED from src\main\AndroidManifest.xml:613:18-53
service#com.example.android.apis.app.IsolatedService2
ADDED from src\main\AndroidManifest.xml:615:9-616:60
	android:enabled
		ADDED from src\main\AndroidManifest.xml:616:17-57
	android:isolatedProcess
		ADDED from src\main\AndroidManifest.xml:615:55-85
	android:name
		ADDED from src\main\AndroidManifest.xml:615:18-54
receiver#com.example.android.apis.app.OneShotAlarm
ADDED from src\main\AndroidManifest.xml:620:9-80
	android:process
		ADDED from src\main\AndroidManifest.xml:620:52-77
	android:name
		ADDED from src\main\AndroidManifest.xml:620:19-51
receiver#com.example.android.apis.app.RepeatingAlarm
ADDED from src\main\AndroidManifest.xml:622:9-82
	android:process
		ADDED from src\main\AndroidManifest.xml:622:54-79
	android:name
		ADDED from src\main\AndroidManifest.xml:622:19-53
activity#com.example.android.apis.app.AlarmController
ADDED from src\main\AndroidManifest.xml:624:9-629:20
	android:label
		ADDED from src\main\AndroidManifest.xml:624:55-104
	android:name
		ADDED from src\main\AndroidManifest.xml:624:19-54
service#com.example.android.apis.app.AlarmService_Service
ADDED from src\main\AndroidManifest.xml:631:9-87
	android:process
		ADDED from src\main\AndroidManifest.xml:631:59-84
	android:name
		ADDED from src\main\AndroidManifest.xml:631:18-58
activity#com.example.android.apis.app.AlarmService
ADDED from src\main\AndroidManifest.xml:633:9-638:20
	android:label
		ADDED from src\main\AndroidManifest.xml:633:52-98
	android:name
		ADDED from src\main\AndroidManifest.xml:633:19-51
receiver#com.example.android.apis.app.DoNothing
ADDED from src\main\AndroidManifest.xml:642:9-643:68
	android:process
		ADDED from src\main\AndroidManifest.xml:643:17-41
	android:exported
		ADDED from src\main\AndroidManifest.xml:643:42-65
	android:name
		ADDED from src\main\AndroidManifest.xml:642:19-48
activity#com.example.android.apis.accessibility.ClockBackActivity
ADDED from src\main\AndroidManifest.xml:649:9-655:20
	android:label
		ADDED from src\main\AndroidManifest.xml:650:13-58
	android:name
		ADDED from src\main\AndroidManifest.xml:649:19-66
service#com.example.android.apis.accessibility.ClockBackService
ADDED from src\main\AndroidManifest.xml:657:9-663:19
	android:label
		ADDED from src\main\AndroidManifest.xml:658:13-64
	android:permission
		ADDED from src\main\AndroidManifest.xml:659:13-79
	android:name
		ADDED from src\main\AndroidManifest.xml:657:18-64
intent-filter#android.accessibilityservice.AccessibilityService
ADDED from src\main\AndroidManifest.xml:660:13-662:29
action#android.accessibilityservice.AccessibilityService
ADDED from src\main\AndroidManifest.xml:661:17-92
	android:name
		ADDED from src\main\AndroidManifest.xml:661:25-89
activity#com.example.android.apis.accessibility.TaskListActivity
ADDED from src\main\AndroidManifest.xml:665:9-672:20
	android:enabled
		ADDED from src\main\AndroidManifest.xml:667:19-66
	android:label
		ADDED from src\main\AndroidManifest.xml:666:19-69
	android:name
		ADDED from src\main\AndroidManifest.xml:665:19-65
service#com.example.android.apis.accessibility.TaskBackService
ADDED from src\main\AndroidManifest.xml:674:9-684:19
	android:enabled
		ADDED from src\main\AndroidManifest.xml:676:18-65
	android:label
		ADDED from src\main\AndroidManifest.xml:675:18-74
	android:permission